<?xml version="1.0" encoding="UTF-8"?>
<!-- Generated by org.testng.reporters.JUnitReportReporter -->
<testsuite hostname="DESKTOP-I19N3QG" failures="0" tests="1" name="test.Test01" time="14.079" errors="0" timestamp="2022-06-05T20:08:24 IST" skipped="0">
  <testcase classname="test.Test01" name="search" time="14.079"/>
  <system-out/>
</testsuite> <!-- test.Test01 -->
